<?xml version="1.0" encoding="UTF-8"?>
<!-- Generated by org.testng.reporters.JUnitReportReporter -->
<testsuite skipped="0" hostname="DESKTOP-PULI1LF" name="com.hotelsTest.hotels.comTest.sample" tests="4" failures="0" timestamp="5 Dec 2016 20:03:12 GMT" time="0.403" errors="0">
  <testcase name="testMe" time="0.006" classname="com.hotelsTest.hotels.comTest.sample"/>
  <testcase name="testMe" time="0.003" classname="com.hotelsTest.hotels.comTest.sample"/>
  <testcase name="testMe" time="0.389" classname="com.hotelsTest.hotels.comTest.sample"/>
  <testcase name="testMe" time="0.005" classname="com.hotelsTest.hotels.comTest.sample"/>
</testsuite> <!-- com.hotelsTest.hotels.comTest.sample -->
