<?xml version="1.0" encoding="UTF-8"?>
<!-- Generated by org.testng.reporters.JUnitReportReporter -->
<testsuite skipped="0" hostname="LAPTOP-AMA7L6BO" name="utils.Calender" tests="1" failures="0" timestamp="7 Dec 2016 15:04:18 GMT" time="23.740" errors="0">
  <testcase name="dateSetter" time="23.740" classname="utils.Calender"/>
</testsuite> <!-- utils.Calender -->
