<?xml version="1.0" encoding="UTF-8"?>
<!-- Generated by org.testng.reporters.JUnitReportReporter -->
<testsuite skipped="0" hostname="LAPTOP-AMA7L6BO" name="com.hotelsTest.hotels.comTest.sample" tests="1" failures="0" timestamp="9 Dec 2016 19:05:24 GMT" time="11.048" errors="0">
  <testcase name="TS01" time="11.048" classname="com.hotelsTest.hotels.comTest.sample"/>
</testsuite> <!-- com.hotelsTest.hotels.comTest.sample -->
