<?xml version="1.0" encoding="UTF-8"?>
<!-- Generated by org.testng.reporters.JUnitReportReporter -->
<testsuite skipped="0" hostname="LAPTOP-AMA7L6BO" name="com.hotelsTest.hotels.comTest.sample" tests="1" failures="0" timestamp="12 Dec 2016 05:31:19 GMT" time="61.364" errors="0">
  <testcase name="TS02" time="61.364" classname="com.hotelsTest.hotels.comTest.sample"/>
</testsuite> <!-- com.hotelsTest.hotels.comTest.sample -->
