<?xml version="1.0" encoding="UTF-8"?>
<!-- Generated by org.testng.reporters.JUnitReportReporter -->
<testsuite skipped="0" hostname="DESKTOP-QI99IL6" name="com.hotelsTest.hotels.comTest.sample" tests="1" failures="0" timestamp="7 Dec 2016 14:52:48 GMT" time="10.164" errors="0">
  <testcase name="testMe" time="10.164" classname="com.hotelsTest.hotels.comTest.sample"/>
</testsuite> <!-- com.hotelsTest.hotels.comTest.sample -->
