<?xml version="1.0" encoding="UTF-8"?>
<!-- Generated by org.testng.reporters.JUnitReportReporter -->
<testsuite skipped="0" hostname="DESKTOP-QI99IL6" name="com.hotelsTest.hotels.comTest.sample" tests="2" failures="0" timestamp="6 Dec 2016 17:24:03 GMT" time="0.052" errors="0">
  <testcase name="testMe" time="0.050" classname="com.hotelsTest.hotels.comTest.sample"/>
  <testcase name="testMe" time="0.002" classname="com.hotelsTest.hotels.comTest.sample"/>
</testsuite> <!-- com.hotelsTest.hotels.comTest.sample -->
