<?xml version="1.0" encoding="UTF-8"?>
<!-- Generated by org.testng.reporters.JUnitReportReporter -->
<testsuite skipped="0" hostname="DESKTOP-QI99IL6" name="com.hotelsTest.hotels.comTest.sample" tests="4" failures="0" timestamp="5 Dec 2016 17:28:30 GMT" time="0.090" errors="0">
  <testcase name="testMe" time="0.005" classname="com.hotelsTest.hotels.comTest.sample"/>
  <testcase name="testMe" time="0.006" classname="com.hotelsTest.hotels.comTest.sample"/>
  <testcase name="testMe" time="0.071" classname="com.hotelsTest.hotels.comTest.sample"/>
  <testcase name="testMe" time="0.008" classname="com.hotelsTest.hotels.comTest.sample"/>
</testsuite> <!-- com.hotelsTest.hotels.comTest.sample -->
